<?xml version="1.0" encoding="UTF-8"?>
<!-- Generated by org.testng.reporters.JUnitReportReporter -->
<testsuite hostname="LIN-5CD5329NV1" failures="0" tests="3" name="com.Gmail.Runner.TestRunner2" time="29.351" errors="0" timestamp="2025-10-29T16:09:13 IST" skipped="0">
  <testcase classname="com.Gmail.Runner.TestRunner2" name="runScenario" time="10.258"/>
  <testcase classname="com.Gmail.Runner.TestRunner2" name="runScenario" time="9.355"/>
  <testcase classname="com.Gmail.Runner.TestRunner2" name="runScenario" time="9.738"/>
</testsuite> <!-- com.Gmail.Runner.TestRunner2 -->
