<?xml version="1.0" encoding="UTF-8"?>
<!-- Generated by org.testng.reporters.JUnitReportReporter -->
<testsuite hostname="LIN-5CD5329NV1" failures="0" tests="3" name="oct_17th.GroupDemo" time="0.012" errors="0" timestamp="2025-10-17T10:31:38 IST" skipped="0">
  <testcase classname="oct_17th.GroupDemo" name="D" time="0.001"/>
  <testcase classname="oct_17th.GroupDemo" name="F" time="0.000"/>
  <testcase classname="oct_17th.GroupDemo" name="B" time="0.011"/>
</testsuite> <!-- oct_17th.GroupDemo -->
