<?xml version="1.0" encoding="UTF-8"?>
<!-- Generated by org.testng.reporters.JUnitReportReporter -->
<testsuite hostname="LIN-5CD5329NV1" failures="0" tests="3" name="oct_17th.ParallelDemo" time="0.034" errors="0" timestamp="2025-10-17T10:48:59 IST" skipped="0">
  <testcase classname="oct_17th.ParallelDemo" name="B" time="0.012"/>
  <testcase classname="oct_17th.ParallelDemo" name="D" time="0.011"/>
  <testcase classname="oct_17th.ParallelDemo" name="F" time="0.011"/>
</testsuite> <!-- oct_17th.ParallelDemo -->
