<?xml version="1.0" encoding="UTF-8"?>
<!-- Generated by org.testng.reporters.JUnitReportReporter -->
<testsuite hostname="LIN-5CD5329NV1" failures="0" tests="1" name="oct_20th.SampleExtentReport" time="0.022" errors="0" timestamp="2025-10-20T13:01:15 IST" skipped="0">
  <testcase classname="oct_20th.SampleExtentReport" name="A" time="0.022"/>
</testsuite> <!-- oct_20th.SampleExtentReport -->
