<?xml version="1.0" encoding="UTF-8"?>
<!-- Generated by org.testng.reporters.JUnitReportReporter -->
<testsuite hostname="LIN-5CD5329NV1" failures="0" tests="3" name="testcase.UserInteractions" time="21.685" errors="0" timestamp="2025-10-23T12:46:52 IST" skipped="0">
  <testcase classname="testcase.UserInteractions" name="verifyLogin" time="7.391"/>
  <testcase classname="testcase.UserInteractions" name="verifyLogin" time="7.627"/>
  <testcase classname="testcase.UserInteractions" name="verifyLogin" time="6.667"/>
</testsuite> <!-- testcase.UserInteractions -->
