<?xml version="1.0" encoding="UTF-8"?>
<!-- Generated by org.testng.reporters.JUnitReportReporter -->
<testsuite hostname="LIN-5CD5329NV1" failures="0" tests="2" name="oct_15th.Waiting" time="1.145" errors="0" timestamp="2025-10-17T10:12:41 IST" skipped="0">
  <testcase classname="oct_15th.Waiting" name="login" time="0.526"/>
  <testcase classname="oct_15th.Waiting" name="verifysignOn" time="0.619"/>
</testsuite> <!-- oct_15th.Waiting -->
