<?xml version="1.0" encoding="UTF-8"?>
<!-- Generated by org.testng.reporters.JUnitReportReporter -->
<testsuite hostname="LIN-5CD5329NV1" failures="0" tests="2" name="testcase.Grid1" time="8.998" errors="0" timestamp="2025-10-23T15:48:07 IST" skipped="0">
  <testcase classname="testcase.Grid1" name="Launch" time="4.134"/>
  <testcase classname="testcase.Grid1" name="Launch" time="4.864"/>
</testsuite> <!-- testcase.Grid1 -->
