<?xml version="1.0" encoding="UTF-8"?>
<!-- Generated by org.testng.reporters.JUnitReportReporter -->
<testsuite hostname="LIN-5CD5329NV1" failures="0" tests="2" name="testcase.UserInteraction" time="2.887" errors="0" timestamp="2025-10-21T13:06:42 IST" skipped="0">
  <testcase classname="testcase.UserInteraction" name="login" time="1.920"/>
  <testcase classname="testcase.UserInteraction" name="logout" time="0.967"/>
</testsuite> <!-- testcase.UserInteraction -->
