<?xml version="1.0" encoding="UTF-8"?>
<!-- Generated by org.testng.reporters.JUnitReportReporter -->
<testsuite hostname="LIN-5CD5329NV1" failures="0" tests="2" name="testscript.ProductNG" time="20.988" errors="0" timestamp="2025-10-21T16:25:43 IST" skipped="0">
  <testcase classname="testscript.ProductNG" name="verifyprods" time="6.266"/>
  <testcase classname="testscript.ProductNG" name="clickprods" time="14.722"/>
</testsuite> <!-- testscript.ProductNG -->
