<?xml version="1.0" encoding="UTF-8"?>
<!-- Generated by org.testng.reporters.JUnitReportReporter -->
<testsuite hostname="LIN-5CD5329NV1" failures="0" tests="1" name="oct_17th.Annotation_Demo" time="0.012" errors="0" timestamp="2025-10-17T10:12:41 IST" skipped="0">
  <testcase classname="oct_17th.Annotation_Demo" name="tc1" time="0.012"/>
</testsuite> <!-- oct_17th.Annotation_Demo -->
